<?xml version="1.0" encoding="UTF-8"?>
<!-- Generated by org.testng.reporters.JUnitReportReporter -->
<testsuite hostname="LAPTOP-9LGV5DPD" failures="0" tests="1" name="TestScripts.TC002RemoveFilter" time="135.610" errors="0" timestamp="2021-02-14T11:53:38 IST" skipped="0">
  <testcase classname="TestScripts.TC002RemoveFilter" name="Test02" time="135.610"/>
  <system-out/>
</testsuite> <!-- TestScripts.TC002RemoveFilter -->
